Flow report for NIOS_with_FIFO
Tue Jul 23 12:44:58 2019
Quartus Prime Version 17.1.0 Build 590 10/25/2017 SJ Standard Edition


---------------------
; Table of Contents ;
---------------------
  1. Legal Notice
  2. Flow Summary
  3. Flow Settings
  4. Flow Non-Default Global Settings
  5. Flow Elapsed Time
  6. Flow OS Summary
  7. Flow Log
  8. Flow Messages
  9. Flow Suppressed Messages



----------------
; Legal Notice ;
----------------
Copyright (C) 2017  Intel Corporation. All rights reserved.
Your use of Intel Corporation's design tools, logic functions 
and other software and tools, and its AMPP partner logic 
functions, and any output files from any of the foregoing 
(including device programming or simulation files), and any 
associated documentation or information are expressly subject 
to the terms and conditions of the Intel Program License 
Subscription Agreement, the Intel Quartus Prime License Agreement,
the Intel FPGA IP License Agreement, or other applicable license
agreement, including, without limitation, that your use is for
the sole purpose of programming logic devices manufactured by
Intel and sold by Intel or its authorized distributors.  Please
refer to the applicable agreement for further details.



+-----------------------------------------------------------------------------------+
; Flow Summary                                                                      ;
+---------------------------------+-------------------------------------------------+
; Flow Status                     ; Successful - Tue Jul 23 12:44:46 2019           ;
; Quartus Prime Version           ; 17.1.0 Build 590 10/25/2017 SJ Standard Edition ;
; Revision Name                   ; NIOS_with_FIFO                                  ;
; Top-level Entity Name           ; unsaved                                         ;
; Family                          ; Cyclone V                                       ;
; Device                          ; 5CSEMA4U23C6                                    ;
; Timing Models                   ; Final                                           ;
; Logic utilization (in ALMs)     ; 841 / 15,880 ( 5 % )                            ;
; Total registers                 ; 1127                                            ;
; Total pins                      ; 1 / 314 ( < 1 % )                               ;
; Total virtual pins              ; 0                                               ;
; Total block memory bits         ; 537,088 / 2,764,800 ( 19 % )                    ;
; Total DSP Blocks                ; 0 / 84 ( 0 % )                                  ;
; Total HSSI RX PCSs              ; 0                                               ;
; Total HSSI PMA RX Deserializers ; 0                                               ;
; Total HSSI TX PCSs              ; 0                                               ;
; Total HSSI PMA TX Serializers   ; 0                                               ;
; Total PLLs                      ; 0 / 5 ( 0 % )                                   ;
; Total DLLs                      ; 0 / 4 ( 0 % )                                   ;
+---------------------------------+-------------------------------------------------+


+-----------------------------------------+
; Flow Settings                           ;
+-------------------+---------------------+
; Option            ; Setting             ;
+-------------------+---------------------+
; Start date & time ; 07/23/2019 12:42:49 ;
; Main task         ; Compilation         ;
; Revision Name     ; NIOS_with_FIFO      ;
+-------------------+---------------------+


+---------------------------------------------------------------------------------------------------------------------------------------------+
; Flow Non-Default Global Settings                                                                                                            ;
+-------------------------------------+-----------------------------------------------------------+----------------+-------------+------------+
; Assignment Name                     ; Value                                                     ; Default Value  ; Entity Name ; Section Id ;
+-------------------------------------+-----------------------------------------------------------+----------------+-------------+------------+
; COMPILER_SIGNATURE_ID               ; 1097508536857.156386956805368                             ; --             ; --          ; --         ;
; MAX_CORE_JUNCTION_TEMP              ; 85                                                        ; --             ; --          ; --         ;
; MIN_CORE_JUNCTION_TEMP              ; 0                                                         ; --             ; --          ; --         ;
; MISC_FILE                           ; unsaved/synthesis/../unsaved.cmp                          ; --             ; --          ; --         ;
; MISC_FILE                           ; unsaved/synthesis/../../unsaved.qsys                      ; --             ; --          ; --         ;
; PARTITION_COLOR                     ; -- (Not supported for targeted family)                    ; --             ; unsaved     ; Top        ;
; PARTITION_FITTER_PRESERVATION_LEVEL ; -- (Not supported for targeted family)                    ; --             ; unsaved     ; Top        ;
; PARTITION_NETLIST_TYPE              ; -- (Not supported for targeted family)                    ; --             ; unsaved     ; Top        ;
; POWER_BOARD_THERMAL_MODEL           ; None (CONSERVATIVE)                                       ; --             ; --          ; --         ;
; POWER_PRESET_COOLING_SOLUTION       ; 23 MM HEAT SINK WITH 200 LFPM AIRFLOW                     ; --             ; --          ; --         ;
; PROJECT_OUTPUT_DIRECTORY            ; output_files                                              ; --             ; --          ; --         ;
; SLD_FILE                            ; unsaved/synthesis/unsaved.regmap                          ; --             ; --          ; --         ;
; SLD_FILE                            ; unsaved/synthesis/unsaved.debuginfo                       ; --             ; --          ; --         ;
; SLD_INFO                            ; QSYS_NAME unsaved HAS_SOPCINFO 1 GENERATION_ID 1563869502 ; --             ; unsaved     ; --         ;
; SOPCINFO_FILE                       ; unsaved/synthesis/../../unsaved.sopcinfo                  ; --             ; --          ; --         ;
; SYNTHESIS_ONLY_QIP                  ; On                                                        ; --             ; --          ; --         ;
; TOP_LEVEL_ENTITY                    ; unsaved                                                   ; NIOS_with_FIFO ; --          ; --         ;
+-------------------------------------+-----------------------------------------------------------+----------------+-------------+------------+


+-------------------------------------------------------------------------------------------------------------------------------+
; Flow Elapsed Time                                                                                                             ;
+---------------------------+--------------+-------------------------+---------------------+------------------------------------+
; Module Name               ; Elapsed Time ; Average Processors Used ; Peak Virtual Memory ; Total CPU Time (on all processors) ;
+---------------------------+--------------+-------------------------+---------------------+------------------------------------+
; Analysis & Synthesis      ; 00:00:51     ; 1.0                     ; 5009 MB             ; 00:01:21                           ;
; Fitter                    ; 00:00:52     ; 1.1                     ; 6517 MB             ; 00:02:17                           ;
; Assembler                 ; 00:00:07     ; 1.0                     ; 4882 MB             ; 00:00:07                           ;
; TimeQuest Timing Analyzer ; 00:00:11     ; 1.7                     ; 5167 MB             ; 00:00:16                           ;
; Total                     ; 00:02:01     ; --                      ; --                  ; 00:04:01                           ;
+---------------------------+--------------+-------------------------+---------------------+------------------------------------+


+-----------------------------------------------------------------------------------------+
; Flow OS Summary                                                                         ;
+---------------------------+------------------+------------+------------+----------------+
; Module Name               ; Machine Hostname ; OS Name    ; OS Version ; Processor type ;
+---------------------------+------------------+------------+------------+----------------+
; Analysis & Synthesis      ; Mahdi            ; Windows 10 ; 10.0       ; x86_64         ;
; Fitter                    ; Mahdi            ; Windows 10 ; 10.0       ; x86_64         ;
; Assembler                 ; Mahdi            ; Windows 10 ; 10.0       ; x86_64         ;
; TimeQuest Timing Analyzer ; Mahdi            ; Windows 10 ; 10.0       ; x86_64         ;
+---------------------------+------------------+------------+------------+----------------+


------------
; Flow Log ;
------------
quartus_map --read_settings_files=on --write_settings_files=off NIOS_with_FIFO -c NIOS_with_FIFO
quartus_fit --read_settings_files=off --write_settings_files=off NIOS_with_FIFO -c NIOS_with_FIFO
quartus_asm --read_settings_files=off --write_settings_files=off NIOS_with_FIFO -c NIOS_with_FIFO
quartus_sta NIOS_with_FIFO -c NIOS_with_FIFO



