Flow report for filtref
Tue Jul 30 12:33:21 2019
Quartus Prime Version 17.1.0 Build 590 10/25/2017 SJ Standard Edition


---------------------
; Table of Contents ;
---------------------
  1. Legal Notice
  2. Flow Summary
  3. Flow Settings
  4. Flow Non-Default Global Settings
  5. Flow Elapsed Time
  6. Flow OS Summary
  7. Flow Log
  8. Flow Messages
  9. Flow Suppressed Messages



----------------
; Legal Notice ;
----------------
Copyright (C) 2017  Intel Corporation. All rights reserved.
Your use of Intel Corporation's design tools, logic functions 
and other software and tools, and its AMPP partner logic 
functions, and any output files from any of the foregoing 
(including device programming or simulation files), and any 
associated documentation or information are expressly subject 
to the terms and conditions of the Intel Program License 
Subscription Agreement, the Intel Quartus Prime License Agreement,
the Intel FPGA IP License Agreement, or other applicable license
agreement, including, without limitation, that your use is for
the sole purpose of programming logic devices manufactured by
Intel and sold by Intel or its authorized distributors.  Please
refer to the applicable agreement for further details.



+-----------------------------------------------------------------------------------+
; Flow Summary                                                                      ;
+---------------------------------+-------------------------------------------------+
; Flow Status                     ; Successful - Tue Jul 30 12:33:14 2019           ;
; Quartus Prime Version           ; 17.1.0 Build 590 10/25/2017 SJ Standard Edition ;
; Revision Name                   ; filtref                                         ;
; Top-level Entity Name           ; filtref                                         ;
; Family                          ; Cyclone V                                       ;
; Device                          ; 5CSEMA4U23C6                                    ;
; Timing Models                   ; Final                                           ;
; Logic utilization (in ALMs)     ; 30 / 15,880 ( < 1 % )                           ;
; Total registers                 ; 58                                              ;
; Total pins                      ; 22 / 314 ( 7 % )                                ;
; Total virtual pins              ; 0                                               ;
; Total block memory bits         ; 0 / 2,764,800 ( 0 % )                           ;
; Total DSP Blocks                ; 0 / 84 ( 0 % )                                  ;
; Total HSSI RX PCSs              ; 0                                               ;
; Total HSSI PMA RX Deserializers ; 0                                               ;
; Total HSSI TX PCSs              ; 0                                               ;
; Total HSSI PMA TX Serializers   ; 0                                               ;
; Total PLLs                      ; 0 / 5 ( 0 % )                                   ;
; Total DLLs                      ; 0 / 4 ( 0 % )                                   ;
+---------------------------------+-------------------------------------------------+


+-----------------------------------------+
; Flow Settings                           ;
+-------------------+---------------------+
; Option            ; Setting             ;
+-------------------+---------------------+
; Start date & time ; 07/30/2019 12:32:03 ;
; Main task         ; Compilation         ;
; Revision Name     ; filtref             ;
+-------------------+---------------------+


+----------------------------------------------------------------------------------------------------------------------------+
; Flow Non-Default Global Settings                                                                                           ;
+-------------------------------------------------+-------------------------------+---------------+-------------+------------+
; Assignment Name                                 ; Value                         ; Default Value ; Entity Name ; Section Id ;
+-------------------------------------------------+-------------------------------+---------------+-------------+------------+
; ADV_NETLIST_OPT_SYNTH_WYSIWYG_REMAP             ; On                            ; Off           ; --          ; --         ;
; ALLOW_ANY_RAM_SIZE_FOR_RECOGNITION              ; On                            ; Off           ; --          ; --         ;
; ALLOW_ANY_ROM_SIZE_FOR_RECOGNITION              ; On                            ; Off           ; --          ; --         ;
; ALLOW_ANY_SHIFT_REGISTER_SIZE_FOR_RECOGNITION   ; On                            ; Off           ; --          ; --         ;
; ALLOW_SHIFT_REGISTER_MERGING_ACROSS_HIERARCHIES ; Always                        ; Auto          ; --          ; --         ;
; AUTO_SHIFT_REGISTER_RECOGNITION                 ; Always                        ; Auto          ; --          ; --         ;
; COMPILER_SIGNATURE_ID                           ; 1099307303250.156447372201848 ; --            ; --          ; --         ;
; MUX_RESTRUCTURE                                 ; On                            ; Auto          ; --          ; --         ;
; OPTIMIZATION_TECHNIQUE                          ; Area                          ; Balanced      ; --          ; --         ;
; QII_AUTO_PACKED_REGISTERS                       ; Minimize Area                 ; Auto          ; --          ; --         ;
; REMOVE_REDUNDANT_LOGIC_CELLS                    ; On                            ; Off           ; --          ; --         ;
+-------------------------------------------------+-------------------------------+---------------+-------------+------------+


+-------------------------------------------------------------------------------------------------------------------------------+
; Flow Elapsed Time                                                                                                             ;
+---------------------------+--------------+-------------------------+---------------------+------------------------------------+
; Module Name               ; Elapsed Time ; Average Processors Used ; Peak Virtual Memory ; Total CPU Time (on all processors) ;
+---------------------------+--------------+-------------------------+---------------------+------------------------------------+
; Analysis & Synthesis      ; 00:00:36     ; 1.0                     ; 4858 MB             ; 00:00:32                           ;
; Fitter                    ; 00:00:26     ; 1.0                     ; 6340 MB             ; 00:00:44                           ;
; Assembler                 ; 00:00:07     ; 1.0                     ; 4843 MB             ; 00:00:05                           ;
; TimeQuest Timing Analyzer ; 00:00:06     ; 1.1                     ; 5096 MB             ; 00:00:06                           ;
; Total                     ; 00:01:15     ; --                      ; --                  ; 00:01:27                           ;
+---------------------------+--------------+-------------------------+---------------------+------------------------------------+


+-----------------------------------------------------------------------------------------+
; Flow OS Summary                                                                         ;
+---------------------------+------------------+------------+------------+----------------+
; Module Name               ; Machine Hostname ; OS Name    ; OS Version ; Processor type ;
+---------------------------+------------------+------------+------------+----------------+
; Analysis & Synthesis      ; Mahdi            ; Windows 10 ; 10.0       ; x86_64         ;
; Fitter                    ; Mahdi            ; Windows 10 ; 10.0       ; x86_64         ;
; Assembler                 ; Mahdi            ; Windows 10 ; 10.0       ; x86_64         ;
; TimeQuest Timing Analyzer ; Mahdi            ; Windows 10 ; 10.0       ; x86_64         ;
+---------------------------+------------------+------------+------------+----------------+


------------
; Flow Log ;
------------
quartus_map --read_settings_files=on --write_settings_files=off filtref -c filtref
quartus_fit --read_settings_files=off --write_settings_files=off filtref -c filtref
quartus_asm --read_settings_files=off --write_settings_files=off filtref -c filtref
quartus_sta filtref -c filtref



