10:18:05 **** Build of configuration Nios II for project node_2 ****
make all 
Info: Building ../node_2_bsp/
D:/intelFPGA/17.1/nios2eds/bin/gnu/H-x86_64-mingw32/bin/make --no-print-directory -C ../node_2_bsp/
[BSP build complete]
Info: Compiling code_2.c to obj/default/code_2.o
nios2-elf-gcc -xc -MP -MMD -c -I../node_2_bsp//HAL/inc -I../node_2_bsp/ -I../node_2_bsp//drivers/inc  -pipe -D__hal__ -DALT_NO_C_PLUS_PLUS -DALT_NO_CLEAN_EXIT -D'exit(a)=_exit(a)' -DALT_NO_EXIT -DALT_USE_DIRECT_DRIVERS -DALT_NO_INSTRUCTION_EMULATION -DALT_USE_SMALL_DRIVERS -DSMALL_C_LIB -DALT_SINGLE_THREADED    -O0 -g -Wall   -mno-hw-div -mno-hw-mul -mno-hw-mulx -mgpopt=global  -o obj/default/code_2.o code_2.c
code_2.c: In function 'main':
code_2.c:62:17: warning: unused variable 'proc_4_out_0' [-Wunused-variable]
   unsigned char proc_4_out_0[24] = {};
                 ^
code_2.c:61:17: warning: unused variable 'proc_4_in_0' [-Wunused-variable]
   unsigned char proc_4_in_0[24] = {};
                 ^
code_2.c:59:17: warning: unused variable 'proc_3_out_0' [-Wunused-variable]
   unsigned char proc_3_out_0[48] = {};
                 ^
code_2.c:58:17: warning: unused variable 'proc_3_in_0' [-Wunused-variable]
   unsigned char proc_3_in_0[24] = {};
                 ^
Info: Linking code_2.elf
nios2-elf-g++  -T'../node_2_bsp//linker.x' -msys-crt0='../node_2_bsp//obj/HAL/src/crt0.o' -msys-lib=hal_bsp -L../node_2_bsp/  -msmallc  -Wl,-Map=code_2.map   -O0 -g -Wall   -mno-hw-div -mno-hw-mul -mno-hw-mulx -mgpopt=global  -o code_2.elf obj/default/code_2.o obj/default/packet_transaction_util.o -lm -msys-lib=m
nios2-elf-insert code_2.elf --thread_model hal --cpu_name nios2_2 --qsys true --simulation_enabled false --stderr_dev jtag_uart_0 --stdin_dev jtag_uart_0 --stdout_dev jtag_uart_0 --sopc_system_name qsys_system --jdi C:/Users/Mahdi2016/Desktop/ThesisProject/ThesisProject/SBU_DFT_Template/quartus/software/node_2_bsp/../../SBU_DFT.jdi --sopcinfo C:/Users/Mahdi2016/Desktop/ThesisProject/ThesisProject/SBU_DFT_Template/quartus/software/node_2_bsp/../../qsys_system.sopcinfo
Info: (code_2.elf) 7016 Bytes program size (code + initialized data).
Info:              9128 Bytes free for stack + heap.
Info: Creating code_2.objdump
nios2-elf-objdump --disassemble --syms --all-header code_2.elf >code_2.objdump
[code_2 build complete]

10:18:09 Build Finished (took 4s.549ms)

