10:18:19 **** Build of configuration Nios II for project node_3 ****
make all 
Info: Building ../node_3_bsp/
D:/intelFPGA/17.1/nios2eds/bin/gnu/H-x86_64-mingw32/bin/make --no-print-directory -C ../node_3_bsp/
[BSP build complete]
Info: Compiling code_3.c to obj/default/code_3.o
nios2-elf-gcc -xc -MP -MMD -c -I../node_3_bsp//HAL/inc -I../node_3_bsp/ -I../node_3_bsp//drivers/inc  -pipe -D__hal__ -DALT_NO_C_PLUS_PLUS -DALT_NO_CLEAN_EXIT -D'exit(a)=_exit(a)' -DALT_NO_EXIT -DALT_USE_DIRECT_DRIVERS -DALT_NO_INSTRUCTION_EMULATION -DALT_USE_SMALL_DRIVERS -DSMALL_C_LIB -DALT_SINGLE_THREADED    -O0 -g -Wall   -mno-hw-div -mno-hw-mul -mno-hw-mulx -mgpopt=global  -o obj/default/code_3.o code_3.c
code_3.c: In function 'main':
code_3.c:53:17: warning: unused variable 'proc_5_out_0' [-Wunused-variable]
   unsigned char proc_5_out_0[24] = {};
                 ^
code_3.c:52:17: warning: unused variable 'proc_5_in_0' [-Wunused-variable]
   unsigned char proc_5_in_0[24] = {};
                 ^
Info: Linking code_3.elf
nios2-elf-g++  -T'../node_3_bsp//linker.x' -msys-crt0='../node_3_bsp//obj/HAL/src/crt0.o' -msys-lib=hal_bsp -L../node_3_bsp/  -msmallc  -Wl,-Map=code_3.map   -O0 -g -Wall   -mno-hw-div -mno-hw-mul -mno-hw-mulx -mgpopt=global  -o code_3.elf obj/default/code_3.o obj/default/packet_transaction_util.o -lm -msys-lib=m
nios2-elf-insert code_3.elf --thread_model hal --cpu_name nios2_3 --qsys true --simulation_enabled false --stderr_dev jtag_uart_0 --stdin_dev jtag_uart_0 --stdout_dev jtag_uart_0 --sopc_system_name qsys_system --jdi C:/Users/Mahdi2016/Desktop/ThesisProject/ThesisProject/SBU_DFT_Template/quartus/software/node_3_bsp/../../SBU_DFT.jdi --sopcinfo C:/Users/Mahdi2016/Desktop/ThesisProject/ThesisProject/SBU_DFT_Template/quartus/software/node_3_bsp/../../qsys_system.sopcinfo
Info: (code_3.elf) 6796 Bytes program size (code + initialized data).
Info:              24 KBytes free for stack + heap.
Info: Creating code_3.objdump
nios2-elf-objdump --disassemble --syms --all-header code_3.elf >code_3.objdump
[code_3 build complete]

10:18:21 Build Finished (took 2s.136ms)

