Flow report for SBU_DFT
Sat Aug 24 15:42:21 2019
Quartus Prime Version 17.1.0 Build 590 10/25/2017 SJ Standard Edition


---------------------
; Table of Contents ;
---------------------
  1. Legal Notice
  2. Flow Summary
  3. Flow Settings
  4. Flow Non-Default Global Settings
  5. Flow Elapsed Time
  6. Flow OS Summary
  7. Flow Log
  8. Flow Messages
  9. Flow Suppressed Messages



----------------
; Legal Notice ;
----------------
Copyright (C) 2017  Intel Corporation. All rights reserved.
Your use of Intel Corporation's design tools, logic functions 
and other software and tools, and its AMPP partner logic 
functions, and any output files from any of the foregoing 
(including device programming or simulation files), and any 
associated documentation or information are expressly subject 
to the terms and conditions of the Intel Program License 
Subscription Agreement, the Intel Quartus Prime License Agreement,
the Intel FPGA IP License Agreement, or other applicable license
agreement, including, without limitation, that your use is for
the sole purpose of programming logic devices manufactured by
Intel and sold by Intel or its authorized distributors.  Please
refer to the applicable agreement for further details.



+-----------------------------------------------------------------------------------+
; Flow Summary                                                                      ;
+---------------------------------+-------------------------------------------------+
; Flow Status                     ; Successful - Sat Aug 24 15:42:21 2019           ;
; Quartus Prime Version           ; 17.1.0 Build 590 10/25/2017 SJ Standard Edition ;
; Revision Name                   ; SBU_DFT                                         ;
; Top-level Entity Name           ; qsys_system                                     ;
; Family                          ; Cyclone V                                       ;
; Device                          ; 5CSEMA4U23C6                                    ;
; Timing Models                   ; Final                                           ;
; Logic utilization (in ALMs)     ; 5,050 / 15,880 ( 32 % )                         ;
; Total registers                 ; 5693                                            ;
; Total pins                      ; 1 / 314 ( < 1 % )                               ;
; Total virtual pins              ; 0                                               ;
; Total block memory bits         ; 576,512 / 2,764,800 ( 21 % )                    ;
; Total DSP Blocks                ; 0 / 84 ( 0 % )                                  ;
; Total HSSI RX PCSs              ; 0                                               ;
; Total HSSI PMA RX Deserializers ; 0                                               ;
; Total HSSI TX PCSs              ; 0                                               ;
; Total HSSI PMA TX Serializers   ; 0                                               ;
; Total PLLs                      ; 0 / 5 ( 0 % )                                   ;
; Total DLLs                      ; 0 / 4 ( 0 % )                                   ;
+---------------------------------+-------------------------------------------------+


+-----------------------------------------+
; Flow Settings                           ;
+-------------------+---------------------+
; Option            ; Setting             ;
+-------------------+---------------------+
; Start date & time ; 08/24/2019 15:37:11 ;
; Main task         ; Compilation         ;
; Revision Name     ; SBU_DFT             ;
+-------------------+---------------------+


+-----------------------------------------------------------------------------------------------------------------------------------------------------------------------------------------------------------------+
; Flow Non-Default Global Settings                                                                                                                                                                                ;
+-------------------------------+----------------------------------------------------------------------------------------------------------------------------------+---------------+-------------+----------------+
; Assignment Name               ; Value                                                                                                                            ; Default Value ; Entity Name ; Section Id     ;
+-------------------------------+----------------------------------------------------------------------------------------------------------------------------------+---------------+-------------+----------------+
; COMPILER_SIGNATURE_ID         ; 1099307303250.156664483108748                                                                                                    ; --            ; --          ; --             ;
; EDA_NETLIST_WRITER_OUTPUT_DIR ; simulation/modelsim                                                                                                              ; --            ; --          ; eda_simulation ;
; EDA_OUTPUT_DATA_FORMAT        ; Verilog Hdl                                                                                                                      ; --            ; --          ; eda_simulation ;
; EDA_SIMULATION_TOOL           ; ModelSim (Verilog)                                                                                                               ; <None>        ; --          ; --             ;
; EDA_TIME_SCALE                ; 1 ps                                                                                                                             ; --            ; --          ; eda_simulation ;
; MAX_CORE_JUNCTION_TEMP        ; 85                                                                                                                               ; --            ; --          ; --             ;
; MIN_CORE_JUNCTION_TEMP        ; 0                                                                                                                                ; --            ; --          ; --             ;
; MISC_FILE                     ; C:/Users/Mahdi2016/Desktop/ThesisProject/ThesisProject/SBU_DFT_Template/quartus/qsys_system/synthesis/../../qsys_system.qsys     ; --            ; --          ; --             ;
; SLD_INFO                      ; QSYS_NAME qsys_system HAS_SOPCINFO 1 GENERATION_ID 1566644739                                                                    ; --            ; qsys_system ; --             ;
; SOPCINFO_FILE                 ; C:/Users/Mahdi2016/Desktop/ThesisProject/ThesisProject/SBU_DFT_Template/quartus/qsys_system/synthesis/../../qsys_system.sopcinfo ; --            ; --          ; --             ;
; SYNTHESIS_ONLY_QIP            ; On                                                                                                                               ; --            ; --          ; --             ;
; TOP_LEVEL_ENTITY              ; qsys_system                                                                                                                      ; SBU_DFT       ; --          ; --             ;
+-------------------------------+----------------------------------------------------------------------------------------------------------------------------------+---------------+-------------+----------------+


+-------------------------------------------------------------------------------------------------------------------------------+
; Flow Elapsed Time                                                                                                             ;
+---------------------------+--------------+-------------------------+---------------------+------------------------------------+
; Module Name               ; Elapsed Time ; Average Processors Used ; Peak Virtual Memory ; Total CPU Time (on all processors) ;
+---------------------------+--------------+-------------------------+---------------------+------------------------------------+
; Analysis & Synthesis      ; 00:01:42     ; 1.4                     ; 5201 MB             ; 00:02:34                           ;
; Fitter                    ; 00:02:25     ; 1.2                     ; 6567 MB             ; 00:06:41                           ;
; Assembler                 ; 00:00:11     ; 1.0                     ; 4941 MB             ; 00:00:10                           ;
; TimeQuest Timing Analyzer ; 00:00:22     ; 2.4                     ; 5275 MB             ; 00:00:47                           ;
; EDA Netlist Writer        ; 00:00:07     ; 1.0                     ; 4916 MB             ; 00:00:06                           ;
; Total                     ; 00:04:47     ; --                      ; --                  ; 00:10:18                           ;
+---------------------------+--------------+-------------------------+---------------------+------------------------------------+


+-----------------------------------------------------------------------------------------+
; Flow OS Summary                                                                         ;
+---------------------------+------------------+------------+------------+----------------+
; Module Name               ; Machine Hostname ; OS Name    ; OS Version ; Processor type ;
+---------------------------+------------------+------------+------------+----------------+
; Analysis & Synthesis      ; Mahdi            ; Windows 10 ; 10.0       ; x86_64         ;
; Fitter                    ; Mahdi            ; Windows 10 ; 10.0       ; x86_64         ;
; Assembler                 ; Mahdi            ; Windows 10 ; 10.0       ; x86_64         ;
; TimeQuest Timing Analyzer ; Mahdi            ; Windows 10 ; 10.0       ; x86_64         ;
; EDA Netlist Writer        ; Mahdi            ; Windows 10 ; 10.0       ; x86_64         ;
+---------------------------+------------------+------------+------------+----------------+


------------
; Flow Log ;
------------
quartus_map --read_settings_files=on --write_settings_files=off SBU_DFT -c SBU_DFT
quartus_fit --read_settings_files=off --write_settings_files=off SBU_DFT -c SBU_DFT
quartus_asm --read_settings_files=off --write_settings_files=off SBU_DFT -c SBU_DFT
quartus_sta SBU_DFT -c SBU_DFT
quartus_eda --read_settings_files=off --write_settings_files=off SBU_DFT -c SBU_DFT



