Assembler report for SBU_DFT
Sat Sep 21 10:31:47 2019
Quartus Prime Version 17.1.0 Build 590 10/25/2017 SJ Standard Edition


---------------------
; Table of Contents ;
---------------------
  1. Legal Notice
  2. Assembler Summary
  3. Assembler Settings
  4. Assembler Encrypted IP Cores Summary
  5. Assembler Generated Files
  6. Assembler Device Options: C:/Users/Mahdi2016/Desktop/ThesisProject/ThesisProject/SBU_DFT_Template/quartus/SBU_DFT.sof
  7. Assembler Messages



----------------
; Legal Notice ;
----------------
Copyright (C) 2017  Intel Corporation. All rights reserved.
Your use of Intel Corporation's design tools, logic functions 
and other software and tools, and its AMPP partner logic 
functions, and any output files from any of the foregoing 
(including device programming or simulation files), and any 
associated documentation or information are expressly subject 
to the terms and conditions of the Intel Program License 
Subscription Agreement, the Intel Quartus Prime License Agreement,
the Intel FPGA IP License Agreement, or other applicable license
agreement, including, without limitation, that your use is for
the sole purpose of programming logic devices manufactured by
Intel and sold by Intel or its authorized distributors.  Please
refer to the applicable agreement for further details.



+---------------------------------------------------------------+
; Assembler Summary                                             ;
+-----------------------+---------------------------------------+
; Assembler Status      ; Successful - Sat Sep 21 10:31:47 2019 ;
; Revision Name         ; SBU_DFT                               ;
; Top-level Entity Name ; qsys_system                           ;
; Family                ; Cyclone V                             ;
; Device                ; 5CSEMA4U23C6                          ;
+-----------------------+---------------------------------------+


+----------------------------------+
; Assembler Settings               ;
+--------+---------+---------------+
; Option ; Setting ; Default Value ;
+--------+---------+---------------+


+------------------------------------------------+
; Assembler Encrypted IP Cores Summary           ;
+--------+------------------------+--------------+
; Vendor ; IP Core Name           ; License Type ;
+--------+------------------------+--------------+
; Altera ; Signal Tap (6AF7 BCE1) ; Licensed     ;
; Altera ; Signal Tap (6AF7 BCEC) ; Licensed     ;
+--------+------------------------+--------------+


+---------------------------------------------------------------------------------------------+
; Assembler Generated Files                                                                   ;
+---------------------------------------------------------------------------------------------+
; File Name                                                                                   ;
+---------------------------------------------------------------------------------------------+
; C:/Users/Mahdi2016/Desktop/ThesisProject/ThesisProject/SBU_DFT_Template/quartus/SBU_DFT.sof ;
+---------------------------------------------------------------------------------------------+


+-----------------------------------------------------------------------------------------------------------------------+
; Assembler Device Options: C:/Users/Mahdi2016/Desktop/ThesisProject/ThesisProject/SBU_DFT_Template/quartus/SBU_DFT.sof ;
+----------------+------------------------------------------------------------------------------------------------------+
; Option         ; Setting                                                                                              ;
+----------------+------------------------------------------------------------------------------------------------------+
; JTAG usercode  ; 0x03AF0E24                                                                                           ;
; Checksum       ; 0x03AF0E24                                                                                           ;
+----------------+------------------------------------------------------------------------------------------------------+


+--------------------+
; Assembler Messages ;
+--------------------+
Info: *******************************************************************
Info: Running Quartus Prime Assembler
    Info: Version 17.1.0 Build 590 10/25/2017 SJ Standard Edition
    Info: Processing started: Sat Sep 21 10:31:37 2019
Info: Command: quartus_asm --read_settings_files=off --write_settings_files=off SBU_DFT -c SBU_DFT
Warning (18236): Number of processors has not been specified which may cause overloading on shared machines.  Set the global assignment NUM_PARALLEL_PROCESSORS in your QSF to an appropriate value for best performance.
Info (115030): Assembler is generating device programming files
Info: Quartus Prime Assembler was successful. 0 errors, 1 warning
    Info: Peak virtual memory: 4938 megabytes
    Info: Processing ended: Sat Sep 21 10:31:47 2019
    Info: Elapsed time: 00:00:10
    Info: Total CPU time (on all processors): 00:00:10


