20:14:49 **** Incremental Build of configuration Nios II for project NIOS_00 ****
make all 
Info: Building ../NIOS_00_bsp/
D:/intelFPGA/17.1/nios2eds/bin/gnu/H-x86_64-mingw32/bin/make --no-print-directory -C ../NIOS_00_bsp/
[BSP build complete]
Info: Compiling code_00.c to obj/default/code_00.o
nios2-elf-gcc -xc -MP -MMD -c -I../NIOS_00_bsp//HAL/inc -I../NIOS_00_bsp/ -I../NIOS_00_bsp//drivers/inc  -pipe -D__hal__ -DALT_NO_C_PLUS_PLUS -DALT_NO_CLEAN_EXIT -D'exit(a)=_exit(a)' -DALT_NO_EXIT -DALT_USE_DIRECT_DRIVERS -DALT_NO_INSTRUCTION_EMULATION -DALT_USE_SMALL_DRIVERS -DSMALL_C_LIB -DALT_SINGLE_THREADED    -Os -g -Wall   -mno-hw-div -mno-hw-mul -mno-hw-mulx -mgpopt=global  -o obj/default/code_00.o code_00.c
Info: Linking NIOS_00.elf
nios2-elf-g++  -T'../NIOS_00_bsp//linker.x' -msys-crt0='../NIOS_00_bsp//obj/HAL/src/crt0.o' -msys-lib=hal_bsp -L../NIOS_00_bsp/  -msmallc  -Wl,-Map=NIOS_00.map   -Os -g -Wall   -mno-hw-div -mno-hw-mul -mno-hw-mulx -mgpopt=global  -o NIOS_00.elf obj/default/code_00.o -lm -msys-lib=m
nios2-elf-insert NIOS_00.elf --thread_model hal --cpu_name nios2_00 --qsys true --simulation_enabled false --stderr_dev jtag_uart_0 --stdin_dev jtag_uart_0 --stdout_dev jtag_uart_0 --sopc_system_name NoC_QSYS --quartus_project_dir "C:/Users/Mahdi2016/Desktop/ThesisProject/ThesisProject/QsysComponents/NIOS_with_NoC" --jdi ../..//output_files/NIOS_NoC.jdi --sopcinfo C:/Users/Mahdi2016/Desktop/ThesisProject/ThesisProject/QsysComponents/NIOS_with_NoC/software/NIOS_00_bsp/../../NoC_QSYS.sopcinfo
Info: (NIOS_00.elf) 5236 Bytes program size (code + initialized data).
Info:               10 KBytes free for stack + heap.
Info: Creating NIOS_00.objdump
nios2-elf-objdump --disassemble --syms --all-header --source NIOS_00.elf >NIOS_00.objdump
[NIOS_00 build complete]
20:25:51 **** Incremental Build of configuration Nios II for project NIOS_00 ****
make all 
Info: Building ../NIOS_00_bsp/
D:/intelFPGA/17.1/nios2eds/bin/gnu/H-x86_64-mingw32/bin/make --no-print-directory -C ../NIOS_00_bsp/
[BSP build complete]
Info: Compiling code_00.c to obj/default/code_00.o
nios2-elf-gcc -xc -MP -MMD -c -I../NIOS_00_bsp//HAL/inc -I../NIOS_00_bsp/ -I../NIOS_00_bsp//drivers/inc  -pipe -D__hal__ -DALT_NO_C_PLUS_PLUS -DALT_NO_CLEAN_EXIT -D'exit(a)=_exit(a)' -DALT_NO_EXIT -DALT_USE_DIRECT_DRIVERS -DALT_NO_INSTRUCTION_EMULATION -DALT_USE_SMALL_DRIVERS -DSMALL_C_LIB -DALT_SINGLE_THREADED    -Os -g -Wall   -mno-hw-div -mno-hw-mul -mno-hw-mulx -mgpopt=global  -o obj/default/code_00.o code_00.c
Info: Linking NIOS_00.elf
nios2-elf-g++  -T'../NIOS_00_bsp//linker.x' -msys-crt0='../NIOS_00_bsp//obj/HAL/src/crt0.o' -msys-lib=hal_bsp -L../NIOS_00_bsp/  -msmallc  -Wl,-Map=NIOS_00.map   -Os -g -Wall   -mno-hw-div -mno-hw-mul -mno-hw-mulx -mgpopt=global  -o NIOS_00.elf obj/default/code_00.o -lm -msys-lib=m
nios2-elf-insert NIOS_00.elf --thread_model hal --cpu_name nios2_00 --qsys true --simulation_enabled false --stderr_dev jtag_uart_0 --stdin_dev jtag_uart_0 --stdout_dev jtag_uart_0 --sopc_system_name NoC_QSYS --quartus_project_dir "C:/Users/Mahdi2016/Desktop/ThesisProject/ThesisProject/QsysComponents/NIOS_with_NoC" --jdi ../..//output_files/NIOS_NoC.jdi --sopcinfo C:/Users/Mahdi2016/Desktop/ThesisProject/ThesisProject/QsysComponents/NIOS_with_NoC/software/NIOS_00_bsp/../../NoC_QSYS.sopcinfo
Info: (NIOS_00.elf) 5500 Bytes program size (code + initialized data).
Info:               10 KBytes free for stack + heap.
Info: Creating NIOS_00.objdump
nios2-elf-objdump --disassemble --syms --all-header --source NIOS_00.elf >NIOS_00.objdump
[NIOS_00 build complete]
20:25:53 **** Incremental Build of configuration Nios II for project NIOS_00_bsp ****
make all 
[BSP build complete]
20:25:54 **** Incremental Build of configuration Nios II for project NIOS_01 ****
make all 
Info: Building ../NIOS_01_bsp/
D:/intelFPGA/17.1/nios2eds/bin/gnu/H-x86_64-mingw32/bin/make --no-print-directory -C ../NIOS_01_bsp/
[BSP build complete]
Info: Compiling code_01.c to obj/default/code_01.o
nios2-elf-gcc -xc -MP -MMD -c -I../NIOS_01_bsp//HAL/inc -I../NIOS_01_bsp/ -I../NIOS_01_bsp//drivers/inc  -pipe -D__hal__ -DALT_NO_C_PLUS_PLUS -DALT_NO_CLEAN_EXIT -D'exit(a)=_exit(a)' -DALT_NO_EXIT -DALT_USE_DIRECT_DRIVERS -DALT_NO_INSTRUCTION_EMULATION -DALT_USE_SMALL_DRIVERS -DSMALL_C_LIB -DALT_SINGLE_THREADED    -Os -g -Wall   -mno-hw-div -mno-hw-mul -mno-hw-mulx -mgpopt=global  -o obj/default/code_01.o code_01.c
code_01.c: In function 'main':
code_01.c:196:7: warning: unused variable 'temp' [-Wunused-variable]
   int temp;
       ^
Info: Linking NIOS_01.elf
nios2-elf-g++  -T'../NIOS_01_bsp//linker.x' -msys-crt0='../NIOS_01_bsp//obj/HAL/src/crt0.o' -msys-lib=hal_bsp -L../NIOS_01_bsp/  -msmallc  -Wl,-Map=NIOS_01.map   -Os -g -Wall   -mno-hw-div -mno-hw-mul -mno-hw-mulx -mgpopt=global  -o NIOS_01.elf obj/default/code_01.o -lm -msys-lib=m
nios2-elf-insert NIOS_01.elf --thread_model hal --cpu_name nios2_01 --qsys true --simulation_enabled false --stderr_dev jtag_uart_0 --stdin_dev jtag_uart_0 --stdout_dev jtag_uart_0 --sopc_system_name NoC_QSYS --quartus_project_dir "C:/Users/Mahdi2016/Desktop/ThesisProject/ThesisProject/QsysComponents/NIOS_with_NoC" --jdi ../..//output_files/NIOS_NoC.jdi --sopcinfo C:/Users/Mahdi2016/Desktop/ThesisProject/ThesisProject/QsysComponents/NIOS_with_NoC/software/NIOS_01_bsp/../../NoC_QSYS.sopcinfo
Info: (NIOS_01.elf) 5236 Bytes program size (code + initialized data).
Info:               10 KBytes free for stack + heap.
Info: Creating NIOS_01.objdump
nios2-elf-objdump --disassemble --syms --all-header --source NIOS_01.elf >NIOS_01.objdump
[NIOS_01 build complete]
20:25:57 **** Incremental Build of configuration Nios II for project NIOS_01_bsp ****
make all 
[BSP build complete]
20:25:58 **** Incremental Build of configuration Nios II for project NIOS_10 ****
make all 
Info: Building ../NIOS_10_bsp/
D:/intelFPGA/17.1/nios2eds/bin/gnu/H-x86_64-mingw32/bin/make --no-print-directory -C ../NIOS_10_bsp/
[BSP build complete]
Info: Compiling code_10.c to obj/default/code_10.o
nios2-elf-gcc -xc -MP -MMD -c -I../NIOS_10_bsp//HAL/inc -I../NIOS_10_bsp/ -I../NIOS_10_bsp//drivers/inc  -pipe -D__hal__ -DALT_NO_C_PLUS_PLUS -DALT_NO_CLEAN_EXIT -D'exit(a)=_exit(a)' -DALT_NO_EXIT -DALT_USE_DIRECT_DRIVERS -DALT_NO_INSTRUCTION_EMULATION -DALT_USE_SMALL_DRIVERS -DSMALL_C_LIB -DALT_SINGLE_THREADED    -Os -g -Wall   -mno-hw-div -mno-hw-mul -mno-hw-mulx -mgpopt=global  -o obj/default/code_10.o code_10.c
code_10.c: In function 'main':
code_10.c:196:7: warning: variable 'temp' set but not used [-Wunused-but-set-variable]
   int temp;
       ^
Info: Linking NIOS_10.elf
nios2-elf-g++  -T'../NIOS_10_bsp//linker.x' -msys-crt0='../NIOS_10_bsp//obj/HAL/src/crt0.o' -msys-lib=hal_bsp -L../NIOS_10_bsp/  -msmallc  -Wl,-Map=NIOS_10.map   -Os -g -Wall   -mno-hw-div -mno-hw-mul -mno-hw-mulx -mgpopt=global  -o NIOS_10.elf obj/default/code_10.o -lm -msys-lib=m
nios2-elf-insert NIOS_10.elf --thread_model hal --cpu_name nios2_10 --qsys true --simulation_enabled false --stderr_dev jtag_uart_0 --stdin_dev jtag_uart_0 --stdout_dev jtag_uart_0 --sopc_system_name NoC_QSYS --quartus_project_dir "C:/Users/Mahdi2016/Desktop/ThesisProject/ThesisProject/QsysComponents/NIOS_with_NoC" --jdi ../..//output_files/NIOS_NoC.jdi --sopcinfo C:/Users/Mahdi2016/Desktop/ThesisProject/ThesisProject/QsysComponents/NIOS_with_NoC/software/NIOS_10_bsp/../../NoC_QSYS.sopcinfo
Info: (NIOS_10.elf) 5236 Bytes program size (code + initialized data).
Info:               10 KBytes free for stack + heap.
Info: Creating NIOS_10.objdump
nios2-elf-objdump --disassemble --syms --all-header --source NIOS_10.elf >NIOS_10.objdump
[NIOS_10 build complete]
20:26:01 **** Incremental Build of configuration Nios II for project NIOS_10_bsp ****
make all 
[BSP build complete]
20:26:02 **** Incremental Build of configuration Nios II for project NIOS_11 ****
make all 
Info: Building ../NIOS_11_bsp/
D:/intelFPGA/17.1/nios2eds/bin/gnu/H-x86_64-mingw32/bin/make --no-print-directory -C ../NIOS_11_bsp/
[BSP build complete]
Info: Compiling code_11.c to obj/default/code_11.o
nios2-elf-gcc -xc -MP -MMD -c -I../NIOS_11_bsp//HAL/inc -I../NIOS_11_bsp/ -I../NIOS_11_bsp//drivers/inc  -pipe -D__hal__ -DALT_NO_C_PLUS_PLUS -DALT_NO_CLEAN_EXIT -D'exit(a)=_exit(a)' -DALT_NO_EXIT -DALT_USE_DIRECT_DRIVERS -DALT_NO_INSTRUCTION_EMULATION -DALT_USE_SMALL_DRIVERS -DSMALL_C_LIB -DALT_SINGLE_THREADED    -Os -g -Wall   -mno-hw-div -mno-hw-mul -mno-hw-mulx -mgpopt=global  -o obj/default/code_11.o code_11.c
code_11.c: In function 'main':
code_11.c:244:15: error: 'FIFO_SOURCE_10_IN_BASE' undeclared (first use in this function)
   send_packet(FIFO_SOURCE_10_IN_BASE,FIFO_SOURCE_10_IN_CSR_BASE,0x2,0x3,0x20,array);
               ^
code_11.c:244:15: note: each undeclared identifier is reported only once for each function it appears in
code_11.c:244:38: error: 'FIFO_SOURCE_10_IN_CSR_BASE' undeclared (first use in this function)
   send_packet(FIFO_SOURCE_10_IN_BASE,FIFO_SOURCE_10_IN_CSR_BASE,0x2,0x3,0x20,array);
                                      ^
make: *** [obj/default/code_11.o] Error 1
20:26:03 **** Incremental Build of configuration Nios II for project NIOS_11_bsp ****
make all 
[BSP build complete]
20:33:21 **** Incremental Build of configuration Nios II for project NIOS_00 ****
make all 
Info: Building ../NIOS_00_bsp/
D:/intelFPGA/17.1/nios2eds/bin/gnu/H-x86_64-mingw32/bin/make --no-print-directory -C ../NIOS_00_bsp/
[BSP build complete]
[NIOS_00 build complete]
20:33:22 **** Incremental Build of configuration Nios II for project NIOS_00_bsp ****
make all 
[BSP build complete]
20:33:23 **** Incremental Build of configuration Nios II for project NIOS_01 ****
make all 
Info: Building ../NIOS_01_bsp/
D:/intelFPGA/17.1/nios2eds/bin/gnu/H-x86_64-mingw32/bin/make --no-print-directory -C ../NIOS_01_bsp/
[BSP build complete]
[NIOS_01 build complete]
20:33:24 **** Incremental Build of configuration Nios II for project NIOS_01_bsp ****
make all 
[BSP build complete]
20:33:26 **** Incremental Build of configuration Nios II for project NIOS_10 ****
make all 
Info: Building ../NIOS_10_bsp/
D:/intelFPGA/17.1/nios2eds/bin/gnu/H-x86_64-mingw32/bin/make --no-print-directory -C ../NIOS_10_bsp/
[BSP build complete]
[NIOS_10 build complete]
20:33:27 **** Incremental Build of configuration Nios II for project NIOS_10_bsp ****
make all 
[BSP build complete]
20:33:28 **** Incremental Build of configuration Nios II for project NIOS_11 ****
make all 
Info: Building ../NIOS_11_bsp/
D:/intelFPGA/17.1/nios2eds/bin/gnu/H-x86_64-mingw32/bin/make --no-print-directory -C ../NIOS_11_bsp/
[BSP build complete]
Info: Compiling code_11.c to obj/default/code_11.o
nios2-elf-gcc -xc -MP -MMD -c -I../NIOS_11_bsp//HAL/inc -I../NIOS_11_bsp/ -I../NIOS_11_bsp//drivers/inc  -pipe -D__hal__ -DALT_NO_C_PLUS_PLUS -DALT_NO_CLEAN_EXIT -D'exit(a)=_exit(a)' -DALT_NO_EXIT -DALT_USE_DIRECT_DRIVERS -DALT_NO_INSTRUCTION_EMULATION -DALT_USE_SMALL_DRIVERS -DSMALL_C_LIB -DALT_SINGLE_THREADED    -Os -g -Wall   -mno-hw-div -mno-hw-mul -mno-hw-mulx -mgpopt=global  -o obj/default/code_11.o code_11.c
code_11.c: In function 'main':
code_11.c:197:7: warning: variable 'temp' set but not used [-Wunused-but-set-variable]
   int temp;
       ^
Info: Linking NIOS_11.elf
nios2-elf-g++  -T'../NIOS_11_bsp//linker.x' -msys-crt0='../NIOS_11_bsp//obj/HAL/src/crt0.o' -msys-lib=hal_bsp -L../NIOS_11_bsp/  -msmallc  -Wl,-Map=NIOS_11.map   -Os -g -Wall   -mno-hw-div -mno-hw-mul -mno-hw-mulx -mgpopt=global  -o NIOS_11.elf obj/default/code_11.o -lm -msys-lib=m
nios2-elf-insert NIOS_11.elf --thread_model hal --cpu_name nios2_11 --qsys true --simulation_enabled false --stderr_dev jtag_uart_0 --stdin_dev jtag_uart_0 --stdout_dev jtag_uart_0 --sopc_system_name NoC_QSYS --quartus_project_dir "C:/Users/Mahdi2016/Desktop/ThesisProject/ThesisProject/QsysComponents/NIOS_with_NoC" --jdi ../..//output_files/NIOS_NoC.jdi --sopcinfo C:/Users/Mahdi2016/Desktop/ThesisProject/ThesisProject/QsysComponents/NIOS_with_NoC/software/NIOS_11_bsp/../../NoC_QSYS.sopcinfo
Info: (NIOS_11.elf) 5220 Bytes program size (code + initialized data).
Info:               10 KBytes free for stack + heap.
Info: Creating NIOS_11.objdump
nios2-elf-objdump --disassemble --syms --all-header --source NIOS_11.elf >NIOS_11.objdump
[NIOS_11 build complete]
20:33:30 **** Incremental Build of configuration Nios II for project NIOS_11_bsp ****
make all 
[BSP build complete]
20:33:51 **** Incremental Build of configuration Nios II for project NIOS_00 ****
make all 
Info: Building ../NIOS_00_bsp/
D:/intelFPGA/17.1/nios2eds/bin/gnu/H-x86_64-mingw32/bin/make --no-print-directory -C ../NIOS_00_bsp/
[BSP build complete]
[NIOS_00 build complete]
20:33:53 **** Incremental Build of configuration Nios II for project NIOS_00_bsp ****
make all 
[BSP build complete]
20:33:54 **** Incremental Build of configuration Nios II for project NIOS_01 ****
make all 
Info: Building ../NIOS_01_bsp/
D:/intelFPGA/17.1/nios2eds/bin/gnu/H-x86_64-mingw32/bin/make --no-print-directory -C ../NIOS_01_bsp/
[BSP build complete]
[NIOS_01 build complete]
20:33:55 **** Incremental Build of configuration Nios II for project NIOS_01_bsp ****
make all 
[BSP build complete]
20:33:56 **** Incremental Build of configuration Nios II for project NIOS_10 ****
make all 
Info: Building ../NIOS_10_bsp/
D:/intelFPGA/17.1/nios2eds/bin/gnu/H-x86_64-mingw32/bin/make --no-print-directory -C ../NIOS_10_bsp/
[BSP build complete]
[NIOS_10 build complete]
20:33:57 **** Incremental Build of configuration Nios II for project NIOS_10_bsp ****
make all 
[BSP build complete]
20:33:58 **** Incremental Build of configuration Nios II for project NIOS_11 ****
make all 
Info: Building ../NIOS_11_bsp/
D:/intelFPGA/17.1/nios2eds/bin/gnu/H-x86_64-mingw32/bin/make --no-print-directory -C ../NIOS_11_bsp/
[BSP build complete]
Info: Compiling code_11.c to obj/default/code_11.o
nios2-elf-gcc -xc -MP -MMD -c -I../NIOS_11_bsp//HAL/inc -I../NIOS_11_bsp/ -I../NIOS_11_bsp//drivers/inc  -pipe -D__hal__ -DALT_NO_C_PLUS_PLUS -DALT_NO_CLEAN_EXIT -D'exit(a)=_exit(a)' -DALT_NO_EXIT -DALT_USE_DIRECT_DRIVERS -DALT_NO_INSTRUCTION_EMULATION -DALT_USE_SMALL_DRIVERS -DSMALL_C_LIB -DALT_SINGLE_THREADED    -Os -g -Wall   -mno-hw-div -mno-hw-mul -mno-hw-mulx -mgpopt=global  -o obj/default/code_11.o code_11.c
code_11.c: In function 'main':
code_11.c:197:7: warning: variable 'temp' set but not used [-Wunused-but-set-variable]
   int temp;
       ^
Info: Linking NIOS_11.elf
nios2-elf-g++  -T'../NIOS_11_bsp//linker.x' -msys-crt0='../NIOS_11_bsp//obj/HAL/src/crt0.o' -msys-lib=hal_bsp -L../NIOS_11_bsp/  -msmallc  -Wl,-Map=NIOS_11.map   -Os -g -Wall   -mno-hw-div -mno-hw-mul -mno-hw-mulx -mgpopt=global  -o NIOS_11.elf obj/default/code_11.o -lm -msys-lib=m
nios2-elf-insert NIOS_11.elf --thread_model hal --cpu_name nios2_11 --qsys true --simulation_enabled false --stderr_dev jtag_uart_0 --stdin_dev jtag_uart_0 --stdout_dev jtag_uart_0 --sopc_system_name NoC_QSYS --quartus_project_dir "C:/Users/Mahdi2016/Desktop/ThesisProject/ThesisProject/QsysComponents/NIOS_with_NoC" --jdi ../..//output_files/NIOS_NoC.jdi --sopcinfo C:/Users/Mahdi2016/Desktop/ThesisProject/ThesisProject/QsysComponents/NIOS_with_NoC/software/NIOS_11_bsp/../../NoC_QSYS.sopcinfo
Info: (NIOS_11.elf) 5220 Bytes program size (code + initialized data).
Info:               10 KBytes free for stack + heap.
Info: Creating NIOS_11.objdump
nios2-elf-objdump --disassemble --syms --all-header --source NIOS_11.elf >NIOS_11.objdump
[NIOS_11 build complete]
20:34:01 **** Incremental Build of configuration Nios II for project NIOS_11_bsp ****
make all 
[BSP build complete]
20:45:19 **** Incremental Build of configuration Nios II for project NIOS_00 ****
make all 
Info: Building ../NIOS_00_bsp/
D:/intelFPGA/17.1/nios2eds/bin/gnu/H-x86_64-mingw32/bin/make --no-print-directory -C ../NIOS_00_bsp/
[BSP build complete]
[NIOS_00 build complete]
20:45:20 **** Incremental Build of configuration Nios II for project NIOS_00_bsp ****
make all 
[BSP build complete]
20:45:22 **** Incremental Build of configuration Nios II for project NIOS_01 ****
make all 
Info: Building ../NIOS_01_bsp/
D:/intelFPGA/17.1/nios2eds/bin/gnu/H-x86_64-mingw32/bin/make --no-print-directory -C ../NIOS_01_bsp/
[BSP build complete]
[NIOS_01 build complete]
20:45:23 **** Incremental Build of configuration Nios II for project NIOS_01_bsp ****
make all 
[BSP build complete]
20:45:24 **** Incremental Build of configuration Nios II for project NIOS_10 ****
make all 
Info: Building ../NIOS_10_bsp/
D:/intelFPGA/17.1/nios2eds/bin/gnu/H-x86_64-mingw32/bin/make --no-print-directory -C ../NIOS_10_bsp/
[BSP build complete]
[NIOS_10 build complete]
20:45:26 **** Incremental Build of configuration Nios II for project NIOS_10_bsp ****
make all 
[BSP build complete]
20:45:27 **** Incremental Build of configuration Nios II for project NIOS_11 ****
make all 
Info: Building ../NIOS_11_bsp/
D:/intelFPGA/17.1/nios2eds/bin/gnu/H-x86_64-mingw32/bin/make --no-print-directory -C ../NIOS_11_bsp/
[BSP build complete]
Info: Compiling code_11.c to obj/default/code_11.o
nios2-elf-gcc -xc -MP -MMD -c -I../NIOS_11_bsp//HAL/inc -I../NIOS_11_bsp/ -I../NIOS_11_bsp//drivers/inc  -pipe -D__hal__ -DALT_NO_C_PLUS_PLUS -DALT_NO_CLEAN_EXIT -D'exit(a)=_exit(a)' -DALT_NO_EXIT -DALT_USE_DIRECT_DRIVERS -DALT_NO_INSTRUCTION_EMULATION -DALT_USE_SMALL_DRIVERS -DSMALL_C_LIB -DALT_SINGLE_THREADED    -Os -g -Wall   -mno-hw-div -mno-hw-mul -mno-hw-mulx -mgpopt=global  -o obj/default/code_11.o code_11.c
code_11.c: In function 'main':
code_11.c:197:7: warning: unused variable 'temp' [-Wunused-variable]
   int temp;
       ^
Info: Linking NIOS_11.elf
nios2-elf-g++  -T'../NIOS_11_bsp//linker.x' -msys-crt0='../NIOS_11_bsp//obj/HAL/src/crt0.o' -msys-lib=hal_bsp -L../NIOS_11_bsp/  -msmallc  -Wl,-Map=NIOS_11.map   -Os -g -Wall   -mno-hw-div -mno-hw-mul -mno-hw-mulx -mgpopt=global  -o NIOS_11.elf obj/default/code_11.o -lm -msys-lib=m
nios2-elf-insert NIOS_11.elf --thread_model hal --cpu_name nios2_11 --qsys true --simulation_enabled false --stderr_dev jtag_uart_0 --stdin_dev jtag_uart_0 --stdout_dev jtag_uart_0 --sopc_system_name NoC_QSYS --quartus_project_dir "C:/Users/Mahdi2016/Desktop/ThesisProject/ThesisProject/QsysComponents/NIOS_with_NoC" --jdi ../..//output_files/NIOS_NoC.jdi --sopcinfo C:/Users/Mahdi2016/Desktop/ThesisProject/ThesisProject/QsysComponents/NIOS_with_NoC/software/NIOS_11_bsp/../../NoC_QSYS.sopcinfo
Info: (NIOS_11.elf) 5236 Bytes program size (code + initialized data).
Info:               10 KBytes free for stack + heap.
Info: Creating NIOS_11.objdump
nios2-elf-objdump --disassemble --syms --all-header --source NIOS_11.elf >NIOS_11.objdump
[NIOS_11 build complete]
20:45:31 **** Incremental Build of configuration Nios II for project NIOS_11_bsp ****
make all 
[BSP build complete]
