13:32:43 **** Incremental Build of configuration Nios II for project multiplePortRegister_HPS ****
make all 
Info: Building ../multiplePortRegister_HPS_bsp/
D:/intelFPGA/17.1/nios2eds/bin/gnu/H-x86_64-mingw32/bin/make --no-print-directory -C ../multiplePortRegister_HPS_bsp/
[BSP build complete]
Info: Compiling hello_world.c to obj/default/hello_world.o
nios2-elf-gcc -xc -MP -MMD -c -I../multiplePortRegister_HPS_bsp//HAL/inc -I../multiplePortRegister_HPS_bsp/ -I../multiplePortRegister_HPS_bsp//drivers/inc  -pipe -D__hal__ -DALT_NO_C_PLUS_PLUS -DALT_NO_INSTRUCTION_EMULATION -DALT_USE_SMALL_DRIVERS -DSMALL_C_LIB -DALT_SINGLE_THREADED    -O0 -g -Wall   -mno-hw-div -mno-hw-mul -mno-hw-mulx -mgpopt=global  -o obj/default/hello_world.o hello_world.c
Info: Linking multiplePortRegister_HPS.elf
nios2-elf-g++  -T'../multiplePortRegister_HPS_bsp//linker.x' -msys-crt0='../multiplePortRegister_HPS_bsp//obj/HAL/src/crt0.o' -msys-lib=hal_bsp -L../multiplePortRegister_HPS_bsp/  -msmallc  -Wl,-Map=multiplePortRegister_HPS.map   -O0 -g -Wall   -mno-hw-div -mno-hw-mul -mno-hw-mulx -mgpopt=global  -o multiplePortRegister_HPS.elf obj/default/hello_world.o -lm -msys-lib=m
nios2-elf-insert multiplePortRegister_HPS.elf --thread_model hal --cpu_name nios2_gen2_0 --qsys true --simulation_enabled false --stderr_dev jtag_uart_0 --stdin_dev jtag_uart_0 --stdout_dev jtag_uart_0 --sopc_system_name multiplePortRegister --quartus_project_dir "C:/Users/Mahdi2016/Desktop/ThesisProject/ThesisProject/qsys_component" --jdi ../..//output_files/qsys_component.jdi --sopcinfo C:/Users/Mahdi2016/Desktop/ThesisProject/ThesisProject/qsys_component/software/multiplePortRegister_HPS_bsp/../../multiplePortRegister.sopcinfo
Info: (multiplePortRegister_HPS.elf) 7904 Bytes program size (code + initialized data).
Info:                                55 KBytes free for stack + heap.
Info: Creating multiplePortRegister_HPS.objdump
nios2-elf-objdump --disassemble --syms --all-header --source multiplePortRegister_HPS.elf >multiplePortRegister_HPS.objdump
[multiplePortRegister_HPS build complete]
13:32:52 **** Build of configuration Nios II for project multiplePortRegister_HPS ****
make all 
Info: Building ../multiplePortRegister_HPS_bsp/
D:/intelFPGA/17.1/nios2eds/bin/gnu/H-x86_64-mingw32/bin/make --no-print-directory -C ../multiplePortRegister_HPS_bsp/
[BSP build complete]
[multiplePortRegister_HPS build complete]
13:32:54 **** Incremental Build of configuration Nios II for project multiplePortRegister_HPS ****
make all 
Info: Building ../multiplePortRegister_HPS_bsp/
D:/intelFPGA/17.1/nios2eds/bin/gnu/H-x86_64-mingw32/bin/make --no-print-directory -C ../multiplePortRegister_HPS_bsp/
[BSP build complete]
[multiplePortRegister_HPS build complete]
