Info: Starting: Create block symbol file (.bsf)
Info: qsys-generate C:\Users\Mahdi2016\Desktop\ThesisProject\ThesisProject\qsys_component\multiplePortRegister.qsys --block-symbol-file --output-directory=C:\Users\Mahdi2016\Desktop\ThesisProject\ThesisProject\qsys_component\multiplePortRegister --family="Cyclone V" --part=5CSEMA4U23C6
Progress: Loading qsys_component/multiplePortRegister.qsys
Progress: Reading input file
Progress: Adding clk_0 [clock_source 17.1]
Progress: Parameterizing module clk_0
Progress: Adding jtag_uart_0 [altera_avalon_jtag_uart 17.1]
Progress: Parameterizing module jtag_uart_0
Progress: Adding nios2_gen2_0 [altera_nios2_gen2 17.1]
Progress: Parameterizing module nios2_gen2_0
Progress: Adding onchip_memory2_0 [altera_avalon_onchip_memory2 17.1]
Progress: Parameterizing module onchip_memory2_0
Progress: Adding reg16_multiplePort_avalon_interface_0 [reg16_multiplePort_avalon_interface 1.0]
Progress: Parameterizing module reg16_multiplePort_avalon_interface_0
Progress: Building connections
Progress: Parameterizing connections
Progress: Validating
Progress: Done reading input file
Info: multiplePortRegister.jtag_uart_0: JTAG UART IP input clock need to be at least double (2x) the operating frequency of JTAG TCK on board
Info: qsys-generate succeeded.
Info: Finished: Create block symbol file (.bsf)
Info: 
Info: Starting: Create HDL design files for synthesis
Info: qsys-generate C:\Users\Mahdi2016\Desktop\ThesisProject\ThesisProject\qsys_component\multiplePortRegister.qsys --synthesis=VERILOG --output-directory=C:\Users\Mahdi2016\Desktop\ThesisProject\ThesisProject\qsys_component\multiplePortRegister\synthesis --family="Cyclone V" --part=5CSEMA4U23C6
Progress: Loading qsys_component/multiplePortRegister.qsys
Progress: Reading input file
Progress: Adding clk_0 [clock_source 17.1]
Progress: Parameterizing module clk_0
Progress: Adding jtag_uart_0 [altera_avalon_jtag_uart 17.1]
Progress: Parameterizing module jtag_uart_0
Progress: Adding nios2_gen2_0 [altera_nios2_gen2 17.1]
Progress: Parameterizing module nios2_gen2_0
Progress: Adding onchip_memory2_0 [altera_avalon_onchip_memory2 17.1]
Progress: Parameterizing module onchip_memory2_0
Progress: Adding reg16_multiplePort_avalon_interface_0 [reg16_multiplePort_avalon_interface 1.0]
Progress: Parameterizing module reg16_multiplePort_avalon_interface_0
Progress: Building connections
Progress: Parameterizing connections
Progress: Validating
Progress: Done reading input file
Info: multiplePortRegister.jtag_uart_0: JTAG UART IP input clock need to be at least double (2x) the operating frequency of JTAG TCK on board
Info: multiplePortRegister: Generating multiplePortRegister "multiplePortRegister" for QUARTUS_SYNTH
Info: jtag_uart_0: Starting RTL generation for module 'multiplePortRegister_jtag_uart_0'
Info: jtag_uart_0:   Generation command is [exec D:/intelfpga/17.1/quartus/bin64/perl/bin/perl.exe -I D:/intelfpga/17.1/quartus/bin64/perl/lib -I D:/intelfpga/17.1/quartus/sopc_builder/bin/europa -I D:/intelfpga/17.1/quartus/sopc_builder/bin/perl_lib -I D:/intelfpga/17.1/quartus/sopc_builder/bin -I D:/intelfpga/17.1/quartus/../ip/altera/sopc_builder_ip/common -I D:/intelfpga/17.1/quartus/../ip/altera/sopc_builder_ip/altera_avalon_jtag_uart -- D:/intelfpga/17.1/quartus/../ip/altera/sopc_builder_ip/altera_avalon_jtag_uart/generate_rtl.pl --name=multiplePortRegister_jtag_uart_0 --dir=C:/Users/MAHDI2~1/AppData/Local/Temp/alt8093_8322209126714240671.dir/0002_jtag_uart_0_gen/ --quartus_dir=D:/intelfpga/17.1/quartus --verilog --config=C:/Users/MAHDI2~1/AppData/Local/Temp/alt8093_8322209126714240671.dir/0002_jtag_uart_0_gen//multiplePortRegister_jtag_uart_0_component_configuration.pl  --do_build_sim=0  ]
Info: jtag_uart_0: Done RTL generation for module 'multiplePortRegister_jtag_uart_0'
Info: jtag_uart_0: "multiplePortRegister" instantiated altera_avalon_jtag_uart "jtag_uart_0"
Info: nios2_gen2_0: "multiplePortRegister" instantiated altera_nios2_gen2 "nios2_gen2_0"
Info: onchip_memory2_0: Starting RTL generation for module 'multiplePortRegister_onchip_memory2_0'
Info: onchip_memory2_0:   Generation command is [exec D:/intelfpga/17.1/quartus/bin64/perl/bin/perl.exe -I D:/intelfpga/17.1/quartus/bin64/perl/lib -I D:/intelfpga/17.1/quartus/sopc_builder/bin/europa -I D:/intelfpga/17.1/quartus/sopc_builder/bin/perl_lib -I D:/intelfpga/17.1/quartus/sopc_builder/bin -I D:/intelfpga/17.1/quartus/../ip/altera/sopc_builder_ip/common -I D:/intelfpga/17.1/quartus/../ip/altera/sopc_builder_ip/altera_avalon_onchip_memory2 -- D:/intelfpga/17.1/quartus/../ip/altera/sopc_builder_ip/altera_avalon_onchip_memory2/generate_rtl.pl --name=multiplePortRegister_onchip_memory2_0 --dir=C:/Users/MAHDI2~1/AppData/Local/Temp/alt8093_8322209126714240671.dir/0003_onchip_memory2_0_gen/ --quartus_dir=D:/intelfpga/17.1/quartus --verilog --config=C:/Users/MAHDI2~1/AppData/Local/Temp/alt8093_8322209126714240671.dir/0003_onchip_memory2_0_gen//multiplePortRegister_onchip_memory2_0_component_configuration.pl  --do_build_sim=0  ]
Info: onchip_memory2_0: Done RTL generation for module 'multiplePortRegister_onchip_memory2_0'
Info: onchip_memory2_0: "multiplePortRegister" instantiated altera_avalon_onchip_memory2 "onchip_memory2_0"
Info: reg16_multiplePort_avalon_interface_0: "multiplePortRegister" instantiated reg16_multiplePort_avalon_interface "reg16_multiplePort_avalon_interface_0"
Info: avalon_st_adapter: Inserting error_adapter: error_adapter_0
Info: avalon_st_adapter_001: Inserting error_adapter: error_adapter_0
Info: avalon_st_adapter_002: Inserting error_adapter: error_adapter_0
Info: avalon_st_adapter_003: Inserting error_adapter: error_adapter_0
Info: avalon_st_adapter_004: Inserting error_adapter: error_adapter_0
Info: mm_interconnect_0: "multiplePortRegister" instantiated altera_mm_interconnect "mm_interconnect_0"
Info: irq_mapper: "multiplePortRegister" instantiated altera_irq_mapper "irq_mapper"
Info: rst_controller: "multiplePortRegister" instantiated altera_reset_controller "rst_controller"
Info: cpu: Starting RTL generation for module 'multiplePortRegister_nios2_gen2_0_cpu'
Info: cpu:   Generation command is [exec D:/intelFPGA/17.1/quartus/bin64//eperlcmd.exe -I D:/intelFPGA/17.1/quartus/bin64//perl/lib -I D:/intelfpga/17.1/quartus/sopc_builder/bin/europa -I D:/intelfpga/17.1/quartus/sopc_builder/bin/perl_lib -I D:/intelfpga/17.1/quartus/sopc_builder/bin -I D:/intelfpga/17.1/quartus/../ip/altera/nios2_ip/altera_nios2_gen2/cpu_lib -I D:/intelfpga/17.1/quartus/../ip/altera/nios2_ip/altera_nios2_gen2/nios_lib -I D:/intelfpga/17.1/quartus/../ip/altera/nios2_ip/altera_nios2_gen2 -I D:/intelfpga/17.1/quartus/../ip/altera/nios2_ip/altera_nios2_gen2 -- D:/intelfpga/17.1/quartus/../ip/altera/nios2_ip/altera_nios2_gen2/generate_rtl.epl --name=multiplePortRegister_nios2_gen2_0_cpu --dir=C:/Users/MAHDI2~1/AppData/Local/Temp/alt8093_8322209126714240671.dir/0007_cpu_gen/ --quartus_bindir=D:/intelFPGA/17.1/quartus/bin64/ --verilog --config=C:/Users/MAHDI2~1/AppData/Local/Temp/alt8093_8322209126714240671.dir/0007_cpu_gen//multiplePortRegister_nios2_gen2_0_cpu_processor_configuration.pl  --do_build_sim=0  ]
Info: cpu: # 2019.07.16 12:43:03 (*) Starting Nios II generation
Info: cpu: # 2019.07.16 12:43:03 (*)   Checking for plaintext license.
Info: cpu: # 2019.07.16 12:43:04 (*)   Plaintext license not found.
Info: cpu: # 2019.07.16 12:43:04 (*)   No license required to generate encrypted Nios II/e.
Info: cpu: # 2019.07.16 12:43:04 (*)   Elaborating CPU configuration settings
Info: cpu: # 2019.07.16 12:43:04 (*)   Creating all objects for CPU
Info: cpu: # 2019.07.16 12:43:05 (*)   Generating RTL from CPU objects
Info: cpu: # 2019.07.16 12:43:05 (*)   Creating plain-text RTL
Info: cpu: # 2019.07.16 12:43:06 (*) Done Nios II generation
Info: cpu: Done RTL generation for module 'multiplePortRegister_nios2_gen2_0_cpu'
Info: cpu: "nios2_gen2_0" instantiated altera_nios2_gen2_unit "cpu"
Info: nios2_gen2_0_data_master_translator: "mm_interconnect_0" instantiated altera_merlin_master_translator "nios2_gen2_0_data_master_translator"
Info: jtag_uart_0_avalon_jtag_slave_translator: "mm_interconnect_0" instantiated altera_merlin_slave_translator "jtag_uart_0_avalon_jtag_slave_translator"
Info: nios2_gen2_0_data_master_agent: "mm_interconnect_0" instantiated altera_merlin_master_agent "nios2_gen2_0_data_master_agent"
Info: jtag_uart_0_avalon_jtag_slave_agent: "mm_interconnect_0" instantiated altera_merlin_slave_agent "jtag_uart_0_avalon_jtag_slave_agent"
Info: jtag_uart_0_avalon_jtag_slave_agent_rsp_fifo: "mm_interconnect_0" instantiated altera_avalon_sc_fifo "jtag_uart_0_avalon_jtag_slave_agent_rsp_fifo"
Info: router: "mm_interconnect_0" instantiated altera_merlin_router "router"
Info: router_001: "mm_interconnect_0" instantiated altera_merlin_router "router_001"
Info: router_002: "mm_interconnect_0" instantiated altera_merlin_router "router_002"
Info: router_003: "mm_interconnect_0" instantiated altera_merlin_router "router_003"
Info: router_005: "mm_interconnect_0" instantiated altera_merlin_router "router_005"
Info: reg16_multiplePort_avalon_interface_0_avalon_slave_1_burst_adapter: "mm_interconnect_0" instantiated altera_merlin_burst_adapter "reg16_multiplePort_avalon_interface_0_avalon_slave_1_burst_adapter"
Info: cmd_demux: "mm_interconnect_0" instantiated altera_merlin_demultiplexer "cmd_demux"
Info: cmd_demux_001: "mm_interconnect_0" instantiated altera_merlin_demultiplexer "cmd_demux_001"
Info: cmd_mux: "mm_interconnect_0" instantiated altera_merlin_multiplexer "cmd_mux"
Info: cmd_mux_003: "mm_interconnect_0" instantiated altera_merlin_multiplexer "cmd_mux_003"
Info: Reusing file C:/Users/Mahdi2016/Desktop/ThesisProject/ThesisProject/qsys_component/multiplePortRegister/synthesis/submodules/altera_merlin_arbitrator.sv
Info: rsp_demux: "mm_interconnect_0" instantiated altera_merlin_demultiplexer "rsp_demux"
Info: rsp_mux: "mm_interconnect_0" instantiated altera_merlin_multiplexer "rsp_mux"
Info: Reusing file C:/Users/Mahdi2016/Desktop/ThesisProject/ThesisProject/qsys_component/multiplePortRegister/synthesis/submodules/altera_merlin_arbitrator.sv
Info: rsp_mux_001: "mm_interconnect_0" instantiated altera_merlin_multiplexer "rsp_mux_001"
Info: Reusing file C:/Users/Mahdi2016/Desktop/ThesisProject/ThesisProject/qsys_component/multiplePortRegister/synthesis/submodules/altera_merlin_arbitrator.sv
Info: reg16_multiplePort_avalon_interface_0_avalon_slave_1_rsp_width_adapter: "mm_interconnect_0" instantiated altera_merlin_width_adapter "reg16_multiplePort_avalon_interface_0_avalon_slave_1_rsp_width_adapter"
Info: Reusing file C:/Users/Mahdi2016/Desktop/ThesisProject/ThesisProject/qsys_component/multiplePortRegister/synthesis/submodules/altera_merlin_address_alignment.sv
Info: Reusing file C:/Users/Mahdi2016/Desktop/ThesisProject/ThesisProject/qsys_component/multiplePortRegister/synthesis/submodules/altera_merlin_burst_uncompressor.sv
Info: avalon_st_adapter: "mm_interconnect_0" instantiated altera_avalon_st_adapter "avalon_st_adapter"
Info: avalon_st_adapter_001: "mm_interconnect_0" instantiated altera_avalon_st_adapter "avalon_st_adapter_001"
Info: error_adapter_0: "avalon_st_adapter" instantiated error_adapter "error_adapter_0"
Info: error_adapter_0: "avalon_st_adapter_001" instantiated error_adapter "error_adapter_0"
Info: multiplePortRegister: Done "multiplePortRegister" with 32 modules, 55 files
Info: qsys-generate succeeded.
Info: Finished: Create HDL design files for synthesis
