21:43:17 **** Incremental Build of configuration Nios II for project node0_v2 ****
make all 
Info: Building ../node0_v2_bsp/
D:/intelFPGA/17.1/nios2eds/bin/gnu/H-x86_64-mingw32/bin/make --no-print-directory -C ../node0_v2_bsp/
[BSP build complete]
Info: Compiling code_0.c to obj/default/code_0.o
nios2-elf-gcc -xc -MP -MMD -c -I../node0_v2_bsp//HAL/inc -I../node0_v2_bsp/ -I../node0_v2_bsp//drivers/inc  -pipe -D__hal__ -DALT_NO_C_PLUS_PLUS -DALT_NO_CLEAN_EXIT -D'exit(a)=_exit(a)' -DALT_NO_EXIT -DALT_USE_DIRECT_DRIVERS -DALT_NO_INSTRUCTION_EMULATION -DALT_USE_SMALL_DRIVERS -DSMALL_C_LIB -DALT_SINGLE_THREADED    -Os -g -Wall   -mno-hw-div -mno-hw-mul -mno-hw-mulx -mgpopt=global  -o obj/default/code_0.o code_0.c
code_0.c: In function 'read_buff':
code_0.c:100:42: warning: pointer targets in passing argument 2 of 'ring_buffer_dequeue_arr' differ in signedness [-Wpointer-sign]
     ring_buffer_dequeue_arr(edge->buffer,tmp,edge->size_of_token_type);
                                          ^
In file included from packet_transaction_util.h:6:0,
                 from code_0.c:7:
ringbuffer_util.h:94:9: note: expected 'char *' but argument is of type 'uint8_t * {aka unsigned char *}'
 uint8_t ring_buffer_dequeue_arr(ring_buffer_t *buffer, char *data, ring_buffer_size_t len);
         ^
code_0.c:102:5: warning: dereferencing type-punned pointer will break strict-aliasing rules [-Wstrict-aliasing]
     proc_0_inp_0[i] = ( (P0_INP0_TYPE*)tmp )[0];
     ^
code_0.c:111:42: warning: pointer targets in passing argument 2 of 'ring_buffer_dequeue_arr' differ in signedness [-Wpointer-sign]
     ring_buffer_dequeue_arr(edge->buffer,tmp,edge->size_of_token_type);
                                          ^
In file included from packet_transaction_util.h:6:0,
                 from code_0.c:7:
ringbuffer_util.h:94:9: note: expected 'char *' but argument is of type 'uint8_t * {aka unsigned char *}'
 uint8_t ring_buffer_dequeue_arr(ring_buffer_t *buffer, char *data, ring_buffer_size_t len);
         ^
code_0.c:113:5: warning: dereferencing type-punned pointer will break strict-aliasing rules [-Wstrict-aliasing]
     proc_1_inp_0[i] = ( (P1_INP0_TYPE*)tmp )[0];
     ^
code_0.c:119:42: warning: pointer targets in passing argument 2 of 'ring_buffer_dequeue_arr' differ in signedness [-Wpointer-sign]
     ring_buffer_dequeue_arr(edge->buffer,tmp,edge->size_of_token_type);
                                          ^
In file included from packet_transaction_util.h:6:0,
                 from code_0.c:7:
ringbuffer_util.h:94:9: note: expected 'char *' but argument is of type 'uint8_t * {aka unsigned char *}'
 uint8_t ring_buffer_dequeue_arr(ring_buffer_t *buffer, char *data, ring_buffer_size_t len);
         ^
code_0.c:121:5: warning: dereferencing type-punned pointer will break strict-aliasing rules [-Wstrict-aliasing]
     proc_1_inp_1[i] = ( (P1_INP1_TYPE*)tmp )[0];
     ^
code_0.c: In function 'serializing_send':
code_0.c:147:38: warning: pointer targets in passing argument 2 of 'ring_buffer_queue_arr' differ in signedness [-Wpointer-sign]
   ring_buffer_queue_arr(edge->buffer,send_array,24);
                                      ^
In file included from packet_transaction_util.h:6:0,
                 from code_0.c:7:
ringbuffer_util.h:77:6: note: expected 'const char *' but argument is of type 'unsigned char *'
 void ring_buffer_queue_arr(ring_buffer_t *buffer, const char *data, ring_buffer_size_t size);
      ^
code_0.c:150:2: warning: dereferencing type-punned pointer will break strict-aliasing rules [-Wstrict-aliasing]
  test_arr[counter] = ( (int*)send_array )[0];
  ^
Info: Linking node0_v2.elf
nios2-elf-g++  -T'../node0_v2_bsp//linker.x' -msys-crt0='../node0_v2_bsp//obj/HAL/src/crt0.o' -msys-lib=hal_bsp -L../node0_v2_bsp/  -msmallc  -Wl,-Map=node0_v2.map   -Os -g -Wall   -mno-hw-div -mno-hw-mul -mno-hw-mulx -mgpopt=global  -o node0_v2.elf obj/default/code_0.o obj/default/packet_transaction_util.o obj/default/ringbuffer_util.o -lm -msys-lib=m
nios2-elf-insert node0_v2.elf --thread_model hal --cpu_name nios2_0 --qsys true --simulation_enabled false --stderr_dev jtag_uart_0 --stdin_dev jtag_uart_0 --stdout_dev jtag_uart_0 --sopc_system_name qsys_system --quartus_project_dir "C:/Users/Mahdi2016/Desktop/ThesisProject/ThesisProject/SBU_DFT_Template_v2/quartus" --jdi C:/Users/Mahdi2016/Desktop/ThesisProject/ThesisProject/SBU_DFT_Template_v2/quartus/software/node0_v2_bsp/../../SBU_DFT.jdi --sopcinfo C:/Users/Mahdi2016/Desktop/ThesisProject/ThesisProject/SBU_DFT_Template_v2/quartus/software/node0_v2_bsp/../../qsys_system.sopcinfo
Info: (node0_v2.elf) 9808 Bytes program size (code + initialized data).
Info:                14 KBytes free for stack + heap.
Info: Creating node0_v2.objdump
nios2-elf-objdump --disassemble --syms --all-header --source node0_v2.elf >node0_v2.objdump
[node0_v2 build complete]

21:43:19 Build Finished (took 2s.33ms)

