16:04:21 **** Incremental Build of configuration Nios II for project node2_v3 ****
make all 
Info: Building ../node2_v3_bsp/
D:/intelFPGA/17.1/nios2eds/bin/gnu/H-x86_64-mingw32/bin/make --no-print-directory -C ../node2_v3_bsp/
[BSP build complete]
Info: Compiling code_2.c to obj/default/code_2.o
nios2-elf-gcc -xc -MP -MMD -c -I../node2_v3_bsp//HAL/inc -I../node2_v3_bsp/ -I../node2_v3_bsp//drivers/inc  -pipe -D__hal__ -DALT_NO_C_PLUS_PLUS -DALT_NO_CLEAN_EXIT -D'exit(a)=_exit(a)' -DALT_NO_EXIT -DALT_USE_DIRECT_DRIVERS -DALT_NO_INSTRUCTION_EMULATION -DALT_USE_SMALL_DRIVERS -DSMALL_C_LIB -DALT_SINGLE_THREADED    -Os -g -Wall   -mno-hw-div -mno-hw-mul -mno-hw-mulx -mgpopt=global  -o obj/default/code_2.o code_2.c
code_2.c: In function 'read_buff':
code_2.c:108:42: warning: pointer targets in passing argument 2 of 'ring_buffer_dequeue_arr' differ in signedness [-Wpointer-sign]
     ring_buffer_dequeue_arr(edge->buffer,tmp,edge->size_of_token_type);
                                          ^
In file included from packet_transaction_util.h:6:0,
                 from code_2.c:7:
ringbuffer_util.h:94:9: note: expected 'char *' but argument is of type 'uint8_t * {aka unsigned char *}'
 uint8_t ring_buffer_dequeue_arr(ring_buffer_t *buffer, char *data, ring_buffer_size_t len);
         ^
code_2.c:115:5: warning: dereferencing type-punned pointer will break strict-aliasing rules [-Wstrict-aliasing]
     proc_4_inp_0[i] = ( (P4_INP0_TYPE*)tmp )[0];
     ^
code_2.c:120:4: warning: dereferencing type-punned pointer will break strict-aliasing rules [-Wstrict-aliasing]
    printf("processor number %d reads data from %d ,which is %x\n",edge->proc_dest,edge->proc_src,( (P4_INP0_TYPE*)tmp )[0]);
    ^
code_2.c:129:42: warning: pointer targets in passing argument 2 of 'ring_buffer_dequeue_arr' differ in signedness [-Wpointer-sign]
     ring_buffer_dequeue_arr(edge->buffer,tmp,edge->size_of_token_type);
                                          ^
In file included from packet_transaction_util.h:6:0,
                 from code_2.c:7:
ringbuffer_util.h:94:9: note: expected 'char *' but argument is of type 'uint8_t * {aka unsigned char *}'
 uint8_t ring_buffer_dequeue_arr(ring_buffer_t *buffer, char *data, ring_buffer_size_t len);
         ^
code_2.c:136:5: warning: dereferencing type-punned pointer will break strict-aliasing rules [-Wstrict-aliasing]
     proc_5_inp_0[i] = ( (P5_INP0_TYPE*)tmp )[0];
     ^
code_2.c:141:4: warning: dereferencing type-punned pointer will break strict-aliasing rules [-Wstrict-aliasing]
    printf("processor number %d reads data from %d ,which is %x\n",edge->proc_dest,edge->proc_src,( (P5_INP0_TYPE*)tmp )[0]);
    ^
code_2.c: In function 'serializing_send':
code_2.c:176:38: warning: pointer targets in passing argument 2 of 'ring_buffer_queue_arr' differ in signedness [-Wpointer-sign]
   ring_buffer_queue_arr(edge->buffer,send_array,24);
                                      ^
In file included from packet_transaction_util.h:6:0,
                 from code_2.c:7:
ringbuffer_util.h:77:6: note: expected 'const char *' but argument is of type 'unsigned char *'
 void ring_buffer_queue_arr(ring_buffer_t *buffer, const char *data, ring_buffer_size_t size);
      ^
code_2.c:178:2: warning: dereferencing type-punned pointer will break strict-aliasing rules [-Wstrict-aliasing]
  printf("processor number %d sends data to %d ,which is %x\n",edge->proc_src,edge->proc_dest,( (int*)send_array )[0]);
  ^
Info: Linking node2_v3.elf
nios2-elf-g++  -T'../node2_v3_bsp//linker.x' -msys-crt0='../node2_v3_bsp//obj/HAL/src/crt0.o' -msys-lib=hal_bsp -L../node2_v3_bsp/  -msmallc  -Wl,-Map=node2_v3.map   -Os -g -Wall   -mno-hw-div -mno-hw-mul -mno-hw-mulx -mgpopt=global  -o node2_v3.elf obj/default/code_2.o obj/default/packet_transaction_util.o obj/default/ringbuffer_util.o -lm -msys-lib=m
nios2-elf-insert node2_v3.elf --thread_model hal --cpu_name nios2_2 --qsys true --simulation_enabled false --stderr_dev jtag_uart_0 --stdin_dev jtag_uart_0 --stdout_dev jtag_uart_0 --sopc_system_name qsys_system --quartus_project_dir "C:/Users/Mahdi2016/Desktop/ThesisProject/ThesisProject/SBU_DFT_Template_v2/quartus" --jdi C:/Users/Mahdi2016/Desktop/ThesisProject/ThesisProject/SBU_DFT_Template_v2/quartus/software/node2_v3_bsp/../../SBU_DFT.jdi --sopcinfo C:/Users/Mahdi2016/Desktop/ThesisProject/ThesisProject/SBU_DFT_Template_v2/quartus/software/node2_v3_bsp/../../qsys_system.sopcinfo
Info: (node2_v3.elf) 9364 Bytes program size (code + initialized data).
Info:                14 KBytes free for stack + heap.
Info: Creating node2_v3.objdump
nios2-elf-objdump --disassemble --syms --all-header --source node2_v3.elf >node2_v3.objdump
[node2_v3 build complete]

16:04:23 Build Finished (took 2s.130ms)

